<?xml version="1.0" encoding="UTF-8"?>
<!-- Generated by org.testng.reporters.JUnitXMLReporter -->
<testsuite ignored="0" hostname="DESKTOP-UPV85MT" failures="0" tests="8" name="Default test" time="191.942" errors="0" timestamp="2021-01-22T17:26:34 SAST">
  <testcase classname="Assessment.TestCases" name="TC1" time="24.043"/>
  <testcase classname="Assessment.TestCases" name="TC2" time="28.368"/>
  <testcase classname="Assessment.TestCases" name="TC3" time="16.388"/>
  <testcase classname="Assessment.TestCases" name="TC4" time="21.657"/>
  <testcase classname="Assessment.TestCases" name="TC5" time="34.803"/>
  <testcase classname="Assessment.TestCases" name="TC6_Dresses" time="23.722"/>
  <testcase classname="Assessment.TestCases" name="TC6_Tshirts" time="16.86"/>
  <testcase classname="Assessment.TestCases" name="TC6_Women" time="25.948"/>
</testsuite> <!-- Default test -->
