<?xml version="1.0" encoding="UTF-8"?>
<testng-results ignored="0" total="8" passed="8" failed="0" skipped="0">
  <reporter-output>
  </reporter-output>
  <suite started-at="2021-01-22T17:23:22 SAST" name="Default suite" finished-at="2021-01-22T17:26:34 SAST" duration-ms="191942">
    <groups>
    </groups>
    <test started-at="2021-01-22T17:23:22 SAST" name="Default test" finished-at="2021-01-22T17:26:34 SAST" duration-ms="191942">
      <class name="Assessment.TestCases">
        <test-method signature="TC1()[pri:0, instance:Assessment.TestCases@71b1176b]" started-at="2021-01-22T17:23:22 SAST" name="TC1" finished-at="2021-01-22T17:23:47 SAST" duration-ms="24043" status="PASS">
          <reporter-output>
          </reporter-output>
        </test-method> <!-- TC1 -->
        <test-method signature="TC2()[pri:0, instance:Assessment.TestCases@71b1176b]" started-at="2021-01-22T17:23:47 SAST" name="TC2" finished-at="2021-01-22T17:24:15 SAST" duration-ms="28368" status="PASS">
          <reporter-output>
          </reporter-output>
        </test-method> <!-- TC2 -->
        <test-method signature="TC3()[pri:0, instance:Assessment.TestCases@71b1176b]" started-at="2021-01-22T17:24:15 SAST" name="TC3" finished-at="2021-01-22T17:24:31 SAST" duration-ms="16388" status="PASS">
          <reporter-output>
          </reporter-output>
        </test-method> <!-- TC3 -->
        <test-method signature="TC4()[pri:0, instance:Assessment.TestCases@71b1176b]" started-at="2021-01-22T17:24:31 SAST" name="TC4" finished-at="2021-01-22T17:24:53 SAST" duration-ms="21657" status="PASS">
          <reporter-output>
          </reporter-output>
        </test-method> <!-- TC4 -->
        <test-method signature="TC5()[pri:0, instance:Assessment.TestCases@71b1176b]" started-at="2021-01-22T17:24:53 SAST" name="TC5" finished-at="2021-01-22T17:25:28 SAST" duration-ms="34803" status="PASS">
          <reporter-output>
          </reporter-output>
        </test-method> <!-- TC5 -->
        <test-method signature="TC6_Dresses()[pri:0, instance:Assessment.TestCases@71b1176b]" started-at="2021-01-22T17:25:28 SAST" name="TC6_Dresses" finished-at="2021-01-22T17:25:52 SAST" duration-ms="23722" status="PASS">
          <reporter-output>
          </reporter-output>
        </test-method> <!-- TC6_Dresses -->
        <test-method signature="TC6_Tshirts()[pri:0, instance:Assessment.TestCases@71b1176b]" started-at="2021-01-22T17:25:52 SAST" name="TC6_Tshirts" finished-at="2021-01-22T17:26:08 SAST" duration-ms="16860" status="PASS">
          <reporter-output>
          </reporter-output>
        </test-method> <!-- TC6_Tshirts -->
        <test-method signature="TC6_Women()[pri:0, instance:Assessment.TestCases@71b1176b]" started-at="2021-01-22T17:26:08 SAST" name="TC6_Women" finished-at="2021-01-22T17:26:34 SAST" duration-ms="25948" status="PASS">
          <reporter-output>
          </reporter-output>
        </test-method> <!-- TC6_Women -->
      </class> <!-- Assessment.TestCases -->
    </test> <!-- Default test -->
  </suite> <!-- Default suite -->
</testng-results>
